2014/03/14 10:37:01 [error] [exception.CException] exception 'CException' with message 'Alias "application.components.ArtMenu" is invalid. Make sure it points to an existing PHP file and the file is readable.' in C:\xammp\htdocs\Yii\framework\YiiBase.php:322
Stack trace:
#0 C:\xammp\htdocs\Yii\framework\web\CWidgetFactory.php(146): YiiBase::import('application.com...', true)
#1 C:\xammp\htdocs\Yii\framework\web\CBaseController.php(146): CWidgetFactory->createWidget(Object(SiteController), 'application.com...', Array)
#2 C:\xammp\htdocs\Yii\framework\web\CBaseController.php(172): CBaseController->createWidget('application.com...', Array)
#3 C:\xammp\htdocs\uppark\themes\brightideas\views\layouts\main.php(40): CBaseController->widget('application.com...', Array)
#4 C:\xammp\htdocs\Yii\framework\web\CBaseController.php(126): require('C:\xammp\htdocs...')
#5 C:\xammp\htdocs\Yii\framework\web\CBaseController.php(95): CBaseController->renderInternal('C:\xammp\htdocs...', Array, true)
#6 C:\xammp\htdocs\Yii\framework\web\widgets\CContentDecorator.php(76): CBaseController->renderFile('C:\xammp\htdocs...', Array, true)
#7 C:\xammp\htdocs\Yii\framework\web\widgets\CContentDecorator.php(54): CContentDecorator->decorate('<div class="art...')
#8 C:\xammp\htdocs\Yii\framework\web\widgets\COutputProcessor.php(44): CContentDecorator->processOutput('<div class="art...')
#9 C:\xammp\htdocs\Yii\framework\web\CBaseController.php(206): COutputProcessor->run()
#10 C:\xammp\htdocs\Yii\framework\web\CBaseController.php(300): CBaseController->endWidget('CContentDecorat...')
#11 C:\xammp\htdocs\uppark\themes\brightideas\views\layouts\column1.php(17): CBaseController->endContent()
#12 C:\xammp\htdocs\Yii\framework\web\CBaseController.php(126): require('C:\xammp\htdocs...')
#13 C:\xammp\htdocs\Yii\framework\web\CBaseController.php(95): CBaseController->renderInternal('C:\xammp\htdocs...', Array, true)
#14 C:\xammp\htdocs\Yii\framework\web\CController.php(784): CBaseController->renderFile('C:\xammp\htdocs...', Array, true)
#15 C:\xammp\htdocs\uppark\protected\controllers\SiteController.php(98): CController->render('login', Array)
#16 C:\xammp\htdocs\Yii\framework\web\actions\CInlineAction.php(49): SiteController->actionLogin()
#17 C:\xammp\htdocs\Yii\framework\web\CController.php(308): CInlineAction->runWithParams(Array)
#18 C:\xammp\htdocs\Yii\framework\web\CController.php(286): CController->runAction(Object(CInlineAction))
#19 C:\xammp\htdocs\Yii\framework\web\CController.php(265): CController->runActionWithFilters(Object(CInlineAction), Array)
#20 C:\xammp\htdocs\Yii\framework\web\CWebApplication.php(282): CController->run('login')
#21 C:\xammp\htdocs\Yii\framework\web\CWebApplication.php(141): CWebApplication->runController('site/login')
#22 C:\xammp\htdocs\Yii\framework\base\CApplication.php(180): CWebApplication->processRequest()
#23 C:\xammp\htdocs\uppark\index.php(13): CApplication->run()
#24 {main}
REQUEST_URI=/uppark/index.php/site/login
HTTP_REFERER=http://127.0.0.1/uppark/
---
2014/03/14 10:40:09 [error] [exception.CException] exception 'CException' with message 'Alias "application.components.ArtMenu" is invalid. Make sure it points to an existing PHP file and the file is readable.' in C:\xammp\htdocs\Yii\framework\YiiBase.php:322
Stack trace:
#0 C:\xammp\htdocs\Yii\framework\web\CWidgetFactory.php(146): YiiBase::import('application.com...', true)
#1 C:\xammp\htdocs\Yii\framework\web\CBaseController.php(146): CWidgetFactory->createWidget(Object(SiteController), 'application.com...', Array)
#2 C:\xammp\htdocs\Yii\framework\web\CBaseController.php(172): CBaseController->createWidget('application.com...', Array)
#3 C:\xammp\htdocs\uppark\themes\brightideas\views\layouts\main.php(40): CBaseController->widget('application.com...', Array)
#4 C:\xammp\htdocs\Yii\framework\web\CBaseController.php(126): require('C:\xammp\htdocs...')
#5 C:\xammp\htdocs\Yii\framework\web\CBaseController.php(95): CBaseController->renderInternal('C:\xammp\htdocs...', Array, true)
#6 C:\xammp\htdocs\Yii\framework\web\widgets\CContentDecorator.php(76): CBaseController->renderFile('C:\xammp\htdocs...', Array, true)
#7 C:\xammp\htdocs\Yii\framework\web\widgets\CContentDecorator.php(54): CContentDecorator->decorate('<div class="art...')
#8 C:\xammp\htdocs\Yii\framework\web\widgets\COutputProcessor.php(44): CContentDecorator->processOutput('<div class="art...')
#9 C:\xammp\htdocs\Yii\framework\web\CBaseController.php(206): COutputProcessor->run()
#10 C:\xammp\htdocs\Yii\framework\web\CBaseController.php(300): CBaseController->endWidget('CContentDecorat...')
#11 C:\xammp\htdocs\uppark\themes\brightideas\views\layouts\column1.php(17): CBaseController->endContent()
#12 C:\xammp\htdocs\Yii\framework\web\CBaseController.php(126): require('C:\xammp\htdocs...')
#13 C:\xammp\htdocs\Yii\framework\web\CBaseController.php(95): CBaseController->renderInternal('C:\xammp\htdocs...', Array, true)
#14 C:\xammp\htdocs\Yii\framework\web\CController.php(784): CBaseController->renderFile('C:\xammp\htdocs...', Array, true)
#15 C:\xammp\htdocs\uppark\protected\controllers\SiteController.php(32): CController->render('index')
#16 C:\xammp\htdocs\Yii\framework\web\actions\CInlineAction.php(49): SiteController->actionIndex()
#17 C:\xammp\htdocs\Yii\framework\web\CController.php(308): CInlineAction->runWithParams(Array)
#18 C:\xammp\htdocs\Yii\framework\web\CController.php(286): CController->runAction(Object(CInlineAction))
#19 C:\xammp\htdocs\Yii\framework\web\CController.php(265): CController->runActionWithFilters(Object(CInlineAction), Array)
#20 C:\xammp\htdocs\Yii\framework\web\CWebApplication.php(282): CController->run('index')
#21 C:\xammp\htdocs\Yii\framework\web\CWebApplication.php(141): CWebApplication->runController('site/index')
#22 C:\xammp\htdocs\Yii\framework\base\CApplication.php(180): CWebApplication->processRequest()
#23 C:\xammp\htdocs\uppark\index.php(13): CApplication->run()
#24 {main}
REQUEST_URI=/uppark/index.php/site/index
HTTP_REFERER=http://127.0.0.1/uppark/index.php/site/page?view=about
---
2014/03/14 10:42:50 [error] [exception.CHttpException.404] exception 'CHttpException' with message 'The requested view "Demo 404 page" was not found.' in C:\xammp\htdocs\Yii\framework\web\actions\CViewAction.php:112
Stack trace:
#0 C:\xammp\htdocs\Yii\framework\web\actions\CViewAction.php(123): CViewAction->resolveView('Demo 404 page')
#1 C:\xammp\htdocs\Yii\framework\web\actions\CAction.php(76): CViewAction->run()
#2 C:\xammp\htdocs\Yii\framework\web\CController.php(308): CAction->runWithParams(Array)
#3 C:\xammp\htdocs\Yii\framework\web\CController.php(286): CController->runAction(Object(CViewAction))
#4 C:\xammp\htdocs\Yii\framework\web\CController.php(265): CController->runActionWithFilters(Object(CViewAction), Array)
#5 C:\xammp\htdocs\Yii\framework\web\CWebApplication.php(282): CController->run('page')
#6 C:\xammp\htdocs\Yii\framework\web\CWebApplication.php(141): CWebApplication->runController('site/page')
#7 C:\xammp\htdocs\Yii\framework\base\CApplication.php(180): CWebApplication->processRequest()
#8 C:\xammp\htdocs\uppark\index.php(13): CApplication->run()
#9 {main}
REQUEST_URI=/uppark/index.php/site/page?view=Demo+404+page
HTTP_REFERER=http://127.0.0.1/uppark/index.php/site/page?view=buttons_and_icons
---
2014/03/14 10:44:49 [error] [exception.CException] exception 'CException' with message 'Alias "application.components.ArtMenu" is invalid. Make sure it points to an existing PHP file and the file is readable.' in C:\xammp\htdocs\Yii\framework\YiiBase.php:322
Stack trace:
#0 C:\xammp\htdocs\Yii\framework\web\CWidgetFactory.php(146): YiiBase::import('application.com...', true)
#1 C:\xammp\htdocs\Yii\framework\web\CBaseController.php(146): CWidgetFactory->createWidget(Object(SiteController), 'application.com...', Array)
#2 C:\xammp\htdocs\Yii\framework\web\CBaseController.php(172): CBaseController->createWidget('application.com...', Array)
#3 C:\xammp\htdocs\uppark\themes\brightideas\views\layouts\main.php(40): CBaseController->widget('application.com...', Array)
#4 C:\xammp\htdocs\Yii\framework\web\CBaseController.php(126): require('C:\xammp\htdocs...')
#5 C:\xammp\htdocs\Yii\framework\web\CBaseController.php(95): CBaseController->renderInternal('C:\xammp\htdocs...', Array, true)
#6 C:\xammp\htdocs\Yii\framework\web\widgets\CContentDecorator.php(76): CBaseController->renderFile('C:\xammp\htdocs...', Array, true)
#7 C:\xammp\htdocs\Yii\framework\web\widgets\CContentDecorator.php(54): CContentDecorator->decorate('<div class="art...')
#8 C:\xammp\htdocs\Yii\framework\web\widgets\COutputProcessor.php(44): CContentDecorator->processOutput('<div class="art...')
#9 C:\xammp\htdocs\Yii\framework\web\CBaseController.php(206): COutputProcessor->run()
#10 C:\xammp\htdocs\Yii\framework\web\CBaseController.php(300): CBaseController->endWidget('CContentDecorat...')
#11 C:\xammp\htdocs\uppark\themes\brightideas\views\layouts\column1.php(17): CBaseController->endContent()
#12 C:\xammp\htdocs\Yii\framework\web\CBaseController.php(126): require('C:\xammp\htdocs...')
#13 C:\xammp\htdocs\Yii\framework\web\CBaseController.php(95): CBaseController->renderInternal('C:\xammp\htdocs...', Array, true)
#14 C:\xammp\htdocs\Yii\framework\web\CController.php(784): CBaseController->renderFile('C:\xammp\htdocs...', Array, true)
#15 C:\xammp\htdocs\uppark\protected\controllers\SiteController.php(32): CController->render('index')
#16 C:\xammp\htdocs\Yii\framework\web\actions\CInlineAction.php(49): SiteController->actionIndex()
#17 C:\xammp\htdocs\Yii\framework\web\CController.php(308): CInlineAction->runWithParams(Array)
#18 C:\xammp\htdocs\Yii\framework\web\CController.php(286): CController->runAction(Object(CInlineAction))
#19 C:\xammp\htdocs\Yii\framework\web\CController.php(265): CController->runActionWithFilters(Object(CInlineAction), Array)
#20 C:\xammp\htdocs\Yii\framework\web\CWebApplication.php(282): CController->run('index')
#21 C:\xammp\htdocs\Yii\framework\web\CWebApplication.php(141): CWebApplication->runController('site/index')
#22 C:\xammp\htdocs\Yii\framework\base\CApplication.php(180): CWebApplication->processRequest()
#23 C:\xammp\htdocs\uppark\index.php(13): CApplication->run()
#24 {main}
REQUEST_URI=/uppark/index.php/site/index
HTTP_REFERER=http://127.0.0.1/uppark/index.php/site/page?view=buttons_and_icons
---
2014/03/14 10:44:51 [error] [exception.CException] exception 'CException' with message 'Alias "application.components.ArtMenu" is invalid. Make sure it points to an existing PHP file and the file is readable.' in C:\xammp\htdocs\Yii\framework\YiiBase.php:322
Stack trace:
#0 C:\xammp\htdocs\Yii\framework\web\CWidgetFactory.php(146): YiiBase::import('application.com...', true)
#1 C:\xammp\htdocs\Yii\framework\web\CBaseController.php(146): CWidgetFactory->createWidget(Object(SiteController), 'application.com...', Array)
#2 C:\xammp\htdocs\Yii\framework\web\CBaseController.php(172): CBaseController->createWidget('application.com...', Array)
#3 C:\xammp\htdocs\uppark\themes\brightideas\views\layouts\main.php(40): CBaseController->widget('application.com...', Array)
#4 C:\xammp\htdocs\Yii\framework\web\CBaseController.php(126): require('C:\xammp\htdocs...')
#5 C:\xammp\htdocs\Yii\framework\web\CBaseController.php(95): CBaseController->renderInternal('C:\xammp\htdocs...', Array, true)
#6 C:\xammp\htdocs\Yii\framework\web\widgets\CContentDecorator.php(76): CBaseController->renderFile('C:\xammp\htdocs...', Array, true)
#7 C:\xammp\htdocs\Yii\framework\web\widgets\CContentDecorator.php(54): CContentDecorator->decorate('<div class="art...')
#8 C:\xammp\htdocs\Yii\framework\web\widgets\COutputProcessor.php(44): CContentDecorator->processOutput('<div class="art...')
#9 C:\xammp\htdocs\Yii\framework\web\CBaseController.php(206): COutputProcessor->run()
#10 C:\xammp\htdocs\Yii\framework\web\CBaseController.php(300): CBaseController->endWidget('CContentDecorat...')
#11 C:\xammp\htdocs\uppark\themes\brightideas\views\layouts\column1.php(17): CBaseController->endContent()
#12 C:\xammp\htdocs\Yii\framework\web\CBaseController.php(126): require('C:\xammp\htdocs...')
#13 C:\xammp\htdocs\Yii\framework\web\CBaseController.php(95): CBaseController->renderInternal('C:\xammp\htdocs...', Array, true)
#14 C:\xammp\htdocs\Yii\framework\web\CController.php(784): CBaseController->renderFile('C:\xammp\htdocs...', Array, true)
#15 C:\xammp\htdocs\uppark\protected\controllers\SiteController.php(32): CController->render('index')
#16 C:\xammp\htdocs\Yii\framework\web\actions\CInlineAction.php(49): SiteController->actionIndex()
#17 C:\xammp\htdocs\Yii\framework\web\CController.php(308): CInlineAction->runWithParams(Array)
#18 C:\xammp\htdocs\Yii\framework\web\CController.php(286): CController->runAction(Object(CInlineAction))
#19 C:\xammp\htdocs\Yii\framework\web\CController.php(265): CController->runActionWithFilters(Object(CInlineAction), Array)
#20 C:\xammp\htdocs\Yii\framework\web\CWebApplication.php(282): CController->run('')
#21 C:\xammp\htdocs\Yii\framework\web\CWebApplication.php(141): CWebApplication->runController('')
#22 C:\xammp\htdocs\Yii\framework\base\CApplication.php(180): CWebApplication->processRequest()
#23 C:\xammp\htdocs\uppark\index.php(13): CApplication->run()
#24 {main}
REQUEST_URI=/uppark/index.php
---
